[0.213s] DEBUG:colcon:Command line arguments: ['/usr/bin/colcon', 'build']
[0.213s] DEBUG:colcon:Parsed command line arguments: Namespace(log_base=None, log_level=None, verb_name='build', build_base='build', install_base='install', merge_install=False, symlink_install=False, test_result_base=None, continue_on_error=False, executor='parallel', parallel_workers=12, event_handlers=None, ignore_user_meta=False, metas=['./colcon.meta'], base_paths=['.'], packages_ignore=None, packages_ignore_regex=None, paths=None, packages_up_to=None, packages_up_to_regex=None, packages_above=None, packages_above_and_dependencies=None, packages_above_depth=None, packages_select_by_dep=None, packages_skip_by_dep=None, packages_skip_up_to=None, packages_select_build_failed=False, packages_skip_build_finished=False, packages_select_test_failures=False, packages_skip_test_passed=False, packages_select=None, packages_skip=None, packages_select_regex=None, packages_skip_regex=None, packages_start=None, packages_end=None, cmake_args=None, cmake_target=None, cmake_target_skip_unavailable=False, cmake_clean_cache=False, cmake_clean_first=False, cmake_force_configure=False, ament_cmake_args=None, catkin_cmake_args=None, catkin_skip_building_tests=False, mixin_files=None, mixin=None, verb_parser=<colcon_mixin.mixin.mixin_argument.MixinArgumentDecorator object at 0x7f65b2d3f670>, verb_extension=<colcon_core.verb.build.BuildVerb object at 0x7f65b2e806d0>, main=<bound method BuildVerb.main of <colcon_core.verb.build.BuildVerb object at 0x7f65b2e806d0>>, mixin_verb=('build',))
[0.446s] Level 1:colcon.colcon_core.package_discovery:discover_packages(colcon_meta) check parameters
[0.447s] INFO:colcon.colcon_metadata.package_discovery.colcon_meta:Using configuration from '/root/.colcon/metadata/default/Gazebo.meta'
[0.448s] INFO:colcon.colcon_metadata.package_discovery.colcon_meta:Using configuration from '/root/.colcon/metadata/default/fastdds.meta'
[0.449s] INFO:colcon.colcon_metadata.package_discovery.colcon_meta:Using configuration from '/root/.colcon/metadata/default/fastrtps.meta'
[0.449s] Level 1:colcon.colcon_core.package_discovery:discover_packages(recursive) check parameters
[0.449s] Level 1:colcon.colcon_core.package_discovery:discover_packages(ignore) check parameters
[0.449s] Level 1:colcon.colcon_core.package_discovery:discover_packages(path) check parameters
[0.449s] Level 1:colcon.colcon_core.package_discovery:discover_packages(colcon_meta) discover
[0.449s] Level 1:colcon.colcon_core.package_discovery:discover_packages(recursive) discover
[0.449s] INFO:colcon.colcon_core.package_discovery:Crawling recursively for packages in '/AUV-Controller/ros2_ws'
[0.449s] Level 1:colcon.colcon_core.package_identification:_identify(.) by extensions ['ignore', 'ignore_ament_install']
[0.450s] Level 1:colcon.colcon_core.package_identification:_identify(.) by extension 'ignore'
[0.450s] Level 1:colcon.colcon_core.package_identification:_identify(.) by extension 'ignore_ament_install'
[0.450s] Level 1:colcon.colcon_core.package_identification:_identify(.) by extensions ['colcon_pkg']
[0.450s] Level 1:colcon.colcon_core.package_identification:_identify(.) by extension 'colcon_pkg'
[0.450s] Level 1:colcon.colcon_core.package_identification:_identify(.) by extensions ['colcon_meta']
[0.450s] Level 1:colcon.colcon_core.package_identification:_identify(.) by extension 'colcon_meta'
[0.450s] Level 1:colcon.colcon_core.package_identification:_identify(.) by extensions ['ros']
[0.450s] Level 1:colcon.colcon_core.package_identification:_identify(.) by extension 'ros'
[0.473s] Level 1:colcon.colcon_core.package_identification:_identify(.) by extensions ['cmake', 'python']
[0.473s] Level 1:colcon.colcon_core.package_identification:_identify(.) by extension 'cmake'
[0.473s] Level 1:colcon.colcon_core.package_identification:_identify(.) by extension 'python'
[0.473s] Level 1:colcon.colcon_core.package_identification:_identify(.) by extensions ['python_setup_py']
[0.473s] Level 1:colcon.colcon_core.package_identification:_identify(.) by extension 'python_setup_py'
[0.473s] Level 1:colcon.colcon_core.package_identification:_identify(build) by extensions ['ignore', 'ignore_ament_install']
[0.474s] Level 1:colcon.colcon_core.package_identification:_identify(build) by extension 'ignore'
[0.474s] Level 1:colcon.colcon_core.package_identification:_identify(build) ignored
[0.474s] Level 1:colcon.colcon_core.package_identification:_identify(install) by extensions ['ignore', 'ignore_ament_install']
[0.474s] Level 1:colcon.colcon_core.package_identification:_identify(install) by extension 'ignore'
[0.474s] Level 1:colcon.colcon_core.package_identification:_identify(install) ignored
[0.474s] Level 1:colcon.colcon_core.package_identification:_identify(log) by extensions ['ignore', 'ignore_ament_install']
[0.474s] Level 1:colcon.colcon_core.package_identification:_identify(log) by extension 'ignore'
[0.474s] Level 1:colcon.colcon_core.package_identification:_identify(log) ignored
[0.474s] Level 1:colcon.colcon_core.package_identification:_identify(src) by extensions ['ignore', 'ignore_ament_install']
[0.475s] Level 1:colcon.colcon_core.package_identification:_identify(src) by extension 'ignore'
[0.475s] Level 1:colcon.colcon_core.package_identification:_identify(src) by extension 'ignore_ament_install'
[0.475s] Level 1:colcon.colcon_core.package_identification:_identify(src) by extensions ['colcon_pkg']
[0.475s] Level 1:colcon.colcon_core.package_identification:_identify(src) by extension 'colcon_pkg'
[0.475s] Level 1:colcon.colcon_core.package_identification:_identify(src) by extensions ['colcon_meta']
[0.475s] Level 1:colcon.colcon_core.package_identification:_identify(src) by extension 'colcon_meta'
[0.475s] Level 1:colcon.colcon_core.package_identification:_identify(src) by extensions ['ros']
[0.475s] Level 1:colcon.colcon_core.package_identification:_identify(src) by extension 'ros'
[0.475s] Level 1:colcon.colcon_core.package_identification:_identify(src) by extensions ['cmake', 'python']
[0.475s] Level 1:colcon.colcon_core.package_identification:_identify(src) by extension 'cmake'
[0.475s] Level 1:colcon.colcon_core.package_identification:_identify(src) by extension 'python'
[0.475s] Level 1:colcon.colcon_core.package_identification:_identify(src) by extensions ['python_setup_py']
[0.475s] Level 1:colcon.colcon_core.package_identification:_identify(src) by extension 'python_setup_py'
[0.476s] Level 1:colcon.colcon_core.package_identification:_identify(src/winmate_teleop) by extensions ['ignore', 'ignore_ament_install']
[0.476s] Level 1:colcon.colcon_core.package_identification:_identify(src/winmate_teleop) by extension 'ignore'
[0.476s] Level 1:colcon.colcon_core.package_identification:_identify(src/winmate_teleop) by extension 'ignore_ament_install'
[0.476s] Level 1:colcon.colcon_core.package_identification:_identify(src/winmate_teleop) by extensions ['colcon_pkg']
[0.476s] Level 1:colcon.colcon_core.package_identification:_identify(src/winmate_teleop) by extension 'colcon_pkg'
[0.476s] Level 1:colcon.colcon_core.package_identification:_identify(src/winmate_teleop) by extensions ['colcon_meta']
[0.476s] Level 1:colcon.colcon_core.package_identification:_identify(src/winmate_teleop) by extension 'colcon_meta'
[0.476s] Level 1:colcon.colcon_core.package_identification:_identify(src/winmate_teleop) by extensions ['ros']
[0.476s] Level 1:colcon.colcon_core.package_identification:_identify(src/winmate_teleop) by extension 'ros'
[0.481s] DEBUG:colcon.colcon_core.package_identification:Package 'src/winmate_teleop' with type 'ros.ament_python' and name 'winmate_teleop'
[0.481s] Level 1:colcon.colcon_core.package_discovery:discover_packages(recursive) using defaults
[0.481s] Level 1:colcon.colcon_core.package_discovery:discover_packages(ignore) discover
[0.481s] Level 1:colcon.colcon_core.package_discovery:discover_packages(ignore) using defaults
[0.481s] Level 1:colcon.colcon_core.package_discovery:discover_packages(path) discover
[0.481s] Level 1:colcon.colcon_core.package_discovery:discover_packages(path) using defaults
[0.520s] Level 5:colcon.colcon_core.verb:set package 'winmate_teleop' build argument 'cmake_args' from command line to 'None'
[0.521s] Level 5:colcon.colcon_core.verb:set package 'winmate_teleop' build argument 'cmake_target' from command line to 'None'
[0.521s] Level 5:colcon.colcon_core.verb:set package 'winmate_teleop' build argument 'cmake_target_skip_unavailable' from command line to 'False'
[0.521s] Level 5:colcon.colcon_core.verb:set package 'winmate_teleop' build argument 'cmake_clean_cache' from command line to 'False'
[0.521s] Level 5:colcon.colcon_core.verb:set package 'winmate_teleop' build argument 'cmake_clean_first' from command line to 'False'
[0.521s] Level 5:colcon.colcon_core.verb:set package 'winmate_teleop' build argument 'cmake_force_configure' from command line to 'False'
[0.521s] Level 5:colcon.colcon_core.verb:set package 'winmate_teleop' build argument 'ament_cmake_args' from command line to 'None'
[0.521s] Level 5:colcon.colcon_core.verb:set package 'winmate_teleop' build argument 'catkin_cmake_args' from command line to 'None'
[0.521s] Level 5:colcon.colcon_core.verb:set package 'winmate_teleop' build argument 'catkin_skip_building_tests' from command line to 'False'
[0.521s] DEBUG:colcon.colcon_core.verb:Building package 'winmate_teleop' with the following arguments: {'ament_cmake_args': None, 'build_base': '/AUV-Controller/ros2_ws/build/winmate_teleop', 'catkin_cmake_args': None, 'catkin_skip_building_tests': False, 'cmake_args': None, 'cmake_clean_cache': False, 'cmake_clean_first': False, 'cmake_force_configure': False, 'cmake_target': None, 'cmake_target_skip_unavailable': False, 'install_base': '/AUV-Controller/ros2_ws/install/winmate_teleop', 'merge_install': False, 'path': '/AUV-Controller/ros2_ws/src/winmate_teleop', 'symlink_install': False, 'test_result_base': None}
[0.521s] INFO:colcon.colcon_core.executor:Executing jobs using 'parallel' executor
[0.523s] DEBUG:colcon.colcon_parallel_executor.executor.parallel:run_until_complete
[0.524s] INFO:colcon.colcon_ros.task.ament_python.build:Building ROS package in '/AUV-Controller/ros2_ws/src/winmate_teleop' with build type 'ament_python'
[0.524s] Level 1:colcon.colcon_core.shell:create_environment_hook('winmate_teleop', 'ament_prefix_path')
[0.529s] INFO:colcon.colcon_core.plugin_system:Skipping extension 'colcon_core.shell.bat': Not used on non-Windows systems
[0.530s] INFO:colcon.colcon_core.shell:Creating environment hook '/AUV-Controller/ros2_ws/install/winmate_teleop/share/winmate_teleop/hook/ament_prefix_path.ps1'
[0.531s] INFO:colcon.colcon_core.shell:Creating environment descriptor '/AUV-Controller/ros2_ws/install/winmate_teleop/share/winmate_teleop/hook/ament_prefix_path.dsv'
[0.532s] INFO:colcon.colcon_core.shell:Creating environment hook '/AUV-Controller/ros2_ws/install/winmate_teleop/share/winmate_teleop/hook/ament_prefix_path.sh'
[0.535s] INFO:colcon.colcon_core.shell:Skip shell extension 'powershell' for command environment: Not usable outside of PowerShell
[0.535s] DEBUG:colcon.colcon_core.shell:Skip shell extension 'dsv' for command environment
[0.950s] INFO:colcon.colcon_core.task.python.build:Building Python package in '/AUV-Controller/ros2_ws/src/winmate_teleop'
[0.950s] INFO:colcon.colcon_core.shell:Skip shell extension 'powershell' for command environment: Not usable outside of PowerShell
[0.951s] DEBUG:colcon.colcon_core.shell:Skip shell extension 'dsv' for command environment
[1.500s] DEBUG:colcon.colcon_core.event_handler.log_command:Invoking command in '/AUV-Controller/ros2_ws/src/winmate_teleop': PYTHONPATH=/AUV-Controller/ros2_ws/build/winmate_teleop/prefix_override:/usr/lib/python3/dist-packages/colcon_core/task/python/colcon_distutils_commands:/AUV-Controller/ros2_ws/install/winmate_teleop/lib/python3.10/site-packages:${PYTHONPATH} /usr/bin/python3 -W ignore:setup.py install is deprecated -W ignore:easy_install command is deprecated setup.py egg_info --egg-base ../../build/winmate_teleop build --build-base /AUV-Controller/ros2_ws/build/winmate_teleop/build install --record /AUV-Controller/ros2_ws/build/winmate_teleop/install.log --single-version-externally-managed install_data
[1.989s] DEBUG:colcon.colcon_core.event_handler.log_command:Invoked command in '/AUV-Controller/ros2_ws/src/winmate_teleop' returned '0': PYTHONPATH=/AUV-Controller/ros2_ws/build/winmate_teleop/prefix_override:/usr/lib/python3/dist-packages/colcon_core/task/python/colcon_distutils_commands:/AUV-Controller/ros2_ws/install/winmate_teleop/lib/python3.10/site-packages:${PYTHONPATH} /usr/bin/python3 -W ignore:setup.py install is deprecated -W ignore:easy_install command is deprecated setup.py egg_info --egg-base ../../build/winmate_teleop build --build-base /AUV-Controller/ros2_ws/build/winmate_teleop/build install --record /AUV-Controller/ros2_ws/build/winmate_teleop/install.log --single-version-externally-managed install_data
[1.993s] Level 1:colcon.colcon_core.environment:checking '/AUV-Controller/ros2_ws/install/winmate_teleop' for CMake module files
[1.994s] Level 1:colcon.colcon_core.environment:checking '/AUV-Controller/ros2_ws/install/winmate_teleop' for CMake config files
[1.995s] Level 1:colcon.colcon_core.environment:checking '/AUV-Controller/ros2_ws/install/winmate_teleop/lib'
[1.995s] Level 1:colcon.colcon_core.environment:checking '/AUV-Controller/ros2_ws/install/winmate_teleop/bin'
[1.995s] Level 1:colcon.colcon_core.environment:checking '/AUV-Controller/ros2_ws/install/winmate_teleop/lib/pkgconfig/winmate_teleop.pc'
[1.996s] Level 1:colcon.colcon_core.environment:checking '/AUV-Controller/ros2_ws/install/winmate_teleop/lib/python3.10/site-packages'
[1.996s] Level 1:colcon.colcon_core.shell:create_environment_hook('winmate_teleop', 'pythonpath')
[1.996s] INFO:colcon.colcon_core.shell:Creating environment hook '/AUV-Controller/ros2_ws/install/winmate_teleop/share/winmate_teleop/hook/pythonpath.ps1'
[1.997s] INFO:colcon.colcon_core.shell:Creating environment descriptor '/AUV-Controller/ros2_ws/install/winmate_teleop/share/winmate_teleop/hook/pythonpath.dsv'
[1.998s] INFO:colcon.colcon_core.shell:Creating environment hook '/AUV-Controller/ros2_ws/install/winmate_teleop/share/winmate_teleop/hook/pythonpath.sh'
[1.999s] Level 1:colcon.colcon_core.environment:checking '/AUV-Controller/ros2_ws/install/winmate_teleop/bin'
[1.999s] Level 1:colcon.colcon_core.environment:create_environment_scripts_only(winmate_teleop)
[2.000s] INFO:colcon.colcon_core.shell:Creating package script '/AUV-Controller/ros2_ws/install/winmate_teleop/share/winmate_teleop/package.ps1'
[2.001s] INFO:colcon.colcon_core.shell:Creating package descriptor '/AUV-Controller/ros2_ws/install/winmate_teleop/share/winmate_teleop/package.dsv'
[2.002s] INFO:colcon.colcon_core.shell:Creating package script '/AUV-Controller/ros2_ws/install/winmate_teleop/share/winmate_teleop/package.sh'
[2.003s] INFO:colcon.colcon_core.shell:Creating package script '/AUV-Controller/ros2_ws/install/winmate_teleop/share/winmate_teleop/package.bash'
[2.004s] INFO:colcon.colcon_core.shell:Creating package script '/AUV-Controller/ros2_ws/install/winmate_teleop/share/winmate_teleop/package.zsh'
[2.006s] Level 1:colcon.colcon_core.environment:create_file_with_runtime_dependencies(/AUV-Controller/ros2_ws/install/winmate_teleop/share/colcon-core/packages/winmate_teleop)
[2.006s] DEBUG:colcon.colcon_parallel_executor.executor.parallel:closing loop
[2.007s] DEBUG:colcon.colcon_parallel_executor.executor.parallel:loop closed
[2.007s] DEBUG:colcon.colcon_parallel_executor.executor.parallel:run_until_complete finished with '0'
[2.007s] DEBUG:colcon.colcon_core.event_reactor:joining thread
[2.018s] INFO:colcon.colcon_core.plugin_system:Skipping extension 'colcon_notification.desktop_notification.notify_send': Could not find 'notify-send'
[2.018s] INFO:colcon.colcon_core.plugin_system:Skipping extension 'colcon_notification.desktop_notification.terminal_notifier': Not used on non-Darwin systems
[2.018s] INFO:colcon.colcon_core.plugin_system:Skipping extension 'colcon_notification.desktop_notification.win32': Not used on non-Windows systems
[2.018s] INFO:colcon.colcon_notification.desktop_notification:Sending desktop notification using 'notify2'
[2.025s] DEBUG:colcon.colcon_notification.desktop_notification.notify2:Failed to initialize notify2: org.freedesktop.DBus.Error.Spawn.ExecFailed: /usr/bin/dbus-launch terminated abnormally without any error message
[2.026s] DEBUG:colcon.colcon_core.event_reactor:joined thread
[2.027s] INFO:colcon.colcon_core.shell:Creating prefix script '/AUV-Controller/ros2_ws/install/local_setup.ps1'
[2.029s] INFO:colcon.colcon_core.shell:Creating prefix util module '/AUV-Controller/ros2_ws/install/_local_setup_util_ps1.py'
[2.032s] INFO:colcon.colcon_core.shell:Creating prefix chain script '/AUV-Controller/ros2_ws/install/setup.ps1'
[2.033s] INFO:colcon.colcon_core.shell:Creating prefix script '/AUV-Controller/ros2_ws/install/local_setup.sh'
[2.034s] INFO:colcon.colcon_core.shell:Creating prefix util module '/AUV-Controller/ros2_ws/install/_local_setup_util_sh.py'
[2.035s] INFO:colcon.colcon_core.shell:Creating prefix chain script '/AUV-Controller/ros2_ws/install/setup.sh'
[2.059s] INFO:colcon.colcon_core.shell:Creating prefix script '/AUV-Controller/ros2_ws/install/local_setup.bash'
[2.060s] INFO:colcon.colcon_core.shell:Creating prefix chain script '/AUV-Controller/ros2_ws/install/setup.bash'
[2.062s] INFO:colcon.colcon_core.shell:Creating prefix script '/AUV-Controller/ros2_ws/install/local_setup.zsh'
[2.063s] INFO:colcon.colcon_core.shell:Creating prefix chain script '/AUV-Controller/ros2_ws/install/setup.zsh'
