[1.013s] Invoking command in '/AUV-Controller/ros2_ws/src/winmate_teleop': PYTHONPATH=/AUV-Controller/ros2_ws/build/winmate_teleop/prefix_override:/usr/lib/python3/dist-packages/colcon_core/task/python/colcon_distutils_commands:/AUV-Controller/ros2_ws/install/winmate_teleop/lib/python3.10/site-packages:${PYTHONPATH} /usr/bin/python3 -W ignore:setup.py install is deprecated -W ignore:easy_install command is deprecated setup.py egg_info --egg-base ../../build/winmate_teleop build --build-base /AUV-Controller/ros2_ws/build/winmate_teleop/build install --record /AUV-Controller/ros2_ws/build/winmate_teleop/install.log --single-version-externally-managed install_data
[1.381s] running egg_info
[1.383s] creating ../../build/winmate_teleop/winmate_teleop.egg-info
[1.383s] writing ../../build/winmate_teleop/winmate_teleop.egg-info/PKG-INFO
[1.383s] writing dependency_links to ../../build/winmate_teleop/winmate_teleop.egg-info/dependency_links.txt
[1.384s] writing entry points to ../../build/winmate_teleop/winmate_teleop.egg-info/entry_points.txt
[1.384s] writing requirements to ../../build/winmate_teleop/winmate_teleop.egg-info/requires.txt
[1.384s] writing top-level names to ../../build/winmate_teleop/winmate_teleop.egg-info/top_level.txt
[1.384s] writing manifest file '../../build/winmate_teleop/winmate_teleop.egg-info/SOURCES.txt'
[1.387s] reading manifest file '../../build/winmate_teleop/winmate_teleop.egg-info/SOURCES.txt'
[1.388s] writing manifest file '../../build/winmate_teleop/winmate_teleop.egg-info/SOURCES.txt'
[1.389s] running build
[1.389s] running build_py
[1.389s] creating /AUV-Controller/ros2_ws/build/winmate_teleop/build
[1.389s] creating /AUV-Controller/ros2_ws/build/winmate_teleop/build/lib
[1.389s] creating /AUV-Controller/ros2_ws/build/winmate_teleop/build/lib/winmate_teleop
[1.390s] copying winmate_teleop/joy_to_wrench.py -> /AUV-Controller/ros2_ws/build/winmate_teleop/build/lib/winmate_teleop
[1.390s] copying winmate_teleop/__init__.py -> /AUV-Controller/ros2_ws/build/winmate_teleop/build/lib/winmate_teleop
[1.390s] running install
[1.390s] running install_lib
[1.391s] creating /AUV-Controller/ros2_ws/install/winmate_teleop/lib/python3.10/site-packages/winmate_teleop
[1.392s] copying /AUV-Controller/ros2_ws/build/winmate_teleop/build/lib/winmate_teleop/joy_to_wrench.py -> /AUV-Controller/ros2_ws/install/winmate_teleop/lib/python3.10/site-packages/winmate_teleop
[1.392s] copying /AUV-Controller/ros2_ws/build/winmate_teleop/build/lib/winmate_teleop/__init__.py -> /AUV-Controller/ros2_ws/install/winmate_teleop/lib/python3.10/site-packages/winmate_teleop
[1.393s] byte-compiling /AUV-Controller/ros2_ws/install/winmate_teleop/lib/python3.10/site-packages/winmate_teleop/joy_to_wrench.py to joy_to_wrench.cpython-310.pyc
[1.393s] byte-compiling /AUV-Controller/ros2_ws/install/winmate_teleop/lib/python3.10/site-packages/winmate_teleop/__init__.py to __init__.cpython-310.pyc
[1.393s]   File "/AUV-Controller/ros2_ws/install/winmate_teleop/lib/python3.10/site-packages/winmate_teleop/joy_to_wrench.py", line 1
[1.394s]     mport rclpy
[1.394s]           ^^^^^
[1.394s] SyntaxError: invalid syntax
[1.394s] 
[1.394s] running install_data
[1.394s] creating /AUV-Controller/ros2_ws/install/winmate_teleop/share/ament_index
[1.394s] creating /AUV-Controller/ros2_ws/install/winmate_teleop/share/ament_index/resource_index
[1.394s] creating /AUV-Controller/ros2_ws/install/winmate_teleop/share/ament_index/resource_index/packages
[1.394s] copying resource/winmate_teleop -> /AUV-Controller/ros2_ws/install/winmate_teleop/share/ament_index/resource_index/packages
[1.395s] copying package.xml -> /AUV-Controller/ros2_ws/install/winmate_teleop/share/winmate_teleop
[1.395s] running install_egg_info
[1.398s] Copying ../../build/winmate_teleop/winmate_teleop.egg-info to /AUV-Controller/ros2_ws/install/winmate_teleop/lib/python3.10/site-packages/winmate_teleop-0.0.0-py3.10.egg-info
[1.399s] running install_scripts
[1.439s] Installing joy_to_wrench script to /AUV-Controller/ros2_ws/install/winmate_teleop/lib/winmate_teleop
[1.439s] writing list of installed files to '/AUV-Controller/ros2_ws/build/winmate_teleop/install.log'
[1.483s] Invoked command in '/AUV-Controller/ros2_ws/src/winmate_teleop' returned '0': PYTHONPATH=/AUV-Controller/ros2_ws/build/winmate_teleop/prefix_override:/usr/lib/python3/dist-packages/colcon_core/task/python/colcon_distutils_commands:/AUV-Controller/ros2_ws/install/winmate_teleop/lib/python3.10/site-packages:${PYTHONPATH} /usr/bin/python3 -W ignore:setup.py install is deprecated -W ignore:easy_install command is deprecated setup.py egg_info --egg-base ../../build/winmate_teleop build --build-base /AUV-Controller/ros2_ws/build/winmate_teleop/build install --record /AUV-Controller/ros2_ws/build/winmate_teleop/install.log --single-version-externally-managed install_data
